#
# There is insufficient memory for the Java Runtime Environment to continue.
# Native memory allocation (malloc) failed to allocate 1458096 bytes for Chunk::new
# Possible reasons:
#   The system is out of physical RAM or swap space
#   The process is running with CompressedOops enabled, and the Java Heap may be blocking the growth of the native heap
# Possible solutions:
#   Reduce memory load on the system
#   Increase physical memory or swap space
#   Check if swap backing store is full
#   Decrease Java heap size (-Xmx/-Xms)
#   Decrease number of Java threads
#   Decrease Java thread stack sizes (-Xss)
#   Set larger code cache with -XX:ReservedCodeCacheSize=
#   JVM is running with Unscaled Compressed Oops mode in which the Java heap is
#     placed in the first 4GB address space. The Java Heap base address is the
#     maximum limit for the native heap growth. Please use -XX:HeapBaseMinAddress
#     to set the Java Heap base and to place the Java Heap above 4GB virtual address.
# This output file may be truncated or incomplete.
#
#  Out of Memory Error (c:/workspace/9-2-build-windows-amd64-cygwin-phase2/jdk9/6725/hotspot/src/share/vm/memory/allocation.cpp:372), pid=64764, tid=93668
#
# JRE version: Java(TM) SE Runtime Environment (9.0+181) (build 9+181)
# Java VM: Java HotSpot(TM) 64-Bit Server VM (9+181, mixed mode, tiered, compressed oops, g1 gc, windows-amd64)
# No core dump will be written. Minidumps are not enabled by default on client versions of Windows
#

---------------  S U M M A R Y ------------

Command Line: -Dfile.encoding=UTF-8 D:\FPA\GUI_Tubes\dist\run2030651598\GUI_Tubes.jar

Host: AMD Ryzen 7 5700U with Radeon Graphics         , 16 cores, 5G,  Windows 10 , 64 bit Build 22000 (10.0.22000.675)
Time: Sun Jun 12 17:50:58 2022 SE Asia Standard Time elapsed time: 0 seconds (0d 0h 0m 0s)

---------------  T H R E A D  ---------------

Current thread (0x000002c5b30c5000):  JavaThread "C2 CompilerThread5" daemon [_thread_in_native, id=93668, stack(0x000000d537900000,0x000000d537a00000)]


Current CompileTask:
C2:    395  651       4       jdk.internal.org.objectweb.asm.Frame::execute (2252 bytes)

Stack: [0x000000d537900000,0x000000d537a00000]
Native frames: (J=compiled Java code, j=interpreted, Vv=VM code, C=native code)
V  [jvm.dll+0x587108]
V  [jvm.dll+0x69c14e]
V  [jvm.dll+0x69d06a]
V  [jvm.dll+0x69d6a3]
V  [jvm.dll+0x21d3f8]
V  [jvm.dll+0xa7bac]
V  [jvm.dll+0xa84ec]
V  [jvm.dll+0x3212f5]
V  [jvm.dll+0x2e7c6a]
V  [jvm.dll+0x2e71fa]
V  [jvm.dll+0x1e9c11]
V  [jvm.dll+0x1e8eb6]
V  [jvm.dll+0x16916b]
V  [jvm.dll+0x1f6680]
V  [jvm.dll+0x1f5306]
V  [jvm.dll+0x66b1af]
V  [jvm.dll+0x586530]
C  [msvcr120.dll+0x24f7f]
C  [msvcr120.dll+0x25126]
C  [KERNEL32.DLL+0x154e0]
C  [ntdll.dll+0x485b]


---------------  P R O C E S S  ---------------

Java Threads: ( => current thread )
  0x000002c5b38d8000 JavaThread "QuantumRenderer-0" daemon [_thread_blocked, id=62784, stack(0x000000d538400000,0x000000d538500000)]
  0x000002c5b3432800 JavaThread "Service Thread" daemon [_thread_blocked, id=73116, stack(0x000000d538200000,0x000000d538300000)]
  0x000002c5b32f4800 JavaThread "Common-Cleaner" daemon [_thread_blocked, id=93920, stack(0x000000d538100000,0x000000d538200000)]
  0x000002c5b30f0000 JavaThread "Sweeper thread" daemon [_thread_blocked, id=84572, stack(0x000000d538000000,0x000000d538100000)]
  0x000002c5b30d6000 JavaThread "C1 CompilerThread11" daemon [_thread_blocked, id=91372, stack(0x000000d537f00000,0x000000d538000000)]
  0x000002c5b30d5800 JavaThread "C1 CompilerThread10" daemon [_thread_in_native_trans, id=93672, stack(0x000000d537e00000,0x000000d537f00000)]
  0x000002c5b30d2000 JavaThread "C1 CompilerThread9" daemon [_thread_blocked, id=88752, stack(0x000000d537d00000,0x000000d537e00000)]
  0x000002c5b30cf800 JavaThread "C1 CompilerThread8" daemon [_thread_blocked, id=85228, stack(0x000000d537c00000,0x000000d537d00000)]
  0x000002c5b30c6800 JavaThread "C2 CompilerThread7" daemon [_thread_blocked, id=90416, stack(0x000000d537b00000,0x000000d537c00000)]
  0x000002c5b30c6000 JavaThread "C2 CompilerThread6" daemon [_thread_blocked, id=94196, stack(0x000000d537a00000,0x000000d537b00000)]
=>0x000002c5b30c5000 JavaThread "C2 CompilerThread5" daemon [_thread_in_native, id=93668, stack(0x000000d537900000,0x000000d537a00000)]
  0x000002c5b30c0800 JavaThread "C2 CompilerThread4" daemon [_thread_blocked, id=86676, stack(0x000000d537800000,0x000000d537900000)]
  0x000002c5b30bd800 JavaThread "C2 CompilerThread3" daemon [_thread_in_native, id=85044, stack(0x000000d537700000,0x000000d537800000)]
  0x000002c5b30bd000 JavaThread "C2 CompilerThread2" daemon [_thread_in_native, id=82380, stack(0x000000d537600000,0x000000d537700000)]
  0x000002c5b30bb800 JavaThread "C2 CompilerThread1" daemon [_thread_blocked, id=90988, stack(0x000000d537500000,0x000000d537600000)]
  0x000002c5b30bb000 JavaThread "C2 CompilerThread0" daemon [_thread_blocked, id=90512, stack(0x000000d537400000,0x000000d537500000)]
  0x000002c5b30ba000 JavaThread "Attach Listener" daemon [_thread_blocked, id=87104, stack(0x000000d537300000,0x000000d537400000)]
  0x000002c5b30b9800 JavaThread "Signal Dispatcher" daemon [_thread_blocked, id=79008, stack(0x000000d537200000,0x000000d537300000)]
  0x000002c5b3065800 JavaThread "Finalizer" daemon [_thread_blocked, id=77736, stack(0x000000d537100000,0x000000d537200000)]
  0x000002c5b3062800 JavaThread "Reference Handler" daemon [_thread_blocked, id=85760, stack(0x000000d537000000,0x000000d537100000)]
  0x000002c58fbee000 JavaThread "main" [_thread_in_Java, id=62328, stack(0x000000d534f00000,0x000000d535000000)]

Other Threads:
  0x000002c5b304c000 VMThread "VM Thread" [stack: 0x000000d536f00000,0x000000d537000000] [id=86004]
  0x000002c5b3439000 WatcherThread [stack: 0x000000d538300000,0x000000d538400000] [id=76296]
  0x000002c58fc0a800 GCTaskThread "GC Thread#0" [stack: 0x000000d535000000,0x000000d535100000] [id=69096]
  0x000002c58fc0c000 GCTaskThread "GC Thread#1" [stack: 0x000000d535100000,0x000000d535200000] [id=83932]
  0x000002c58fc0d800 GCTaskThread "GC Thread#2" [stack: 0x000000d535200000,0x000000d535300000] [id=77148]
  0x000002c58fc10800 GCTaskThread "GC Thread#3" [stack: 0x000000d535300000,0x000000d535400000] [id=91504]
  0x000002c58fc15000 GCTaskThread "GC Thread#4" [stack: 0x000000d535400000,0x000000d535500000] [id=67712]
  0x000002c58fc1c000 GCTaskThread "GC Thread#5" [stack: 0x000000d535500000,0x000000d535600000] [id=91228]
  0x000002c58fc1d000 GCTaskThread "GC Thread#6" [stack: 0x000000d535600000,0x000000d535700000] [id=86832]
  0x000002c58fc1f000 GCTaskThread "GC Thread#7" [stack: 0x000000d535700000,0x000000d535800000] [id=74568]
  0x000002c58fc20800 GCTaskThread "GC Thread#8" [stack: 0x000000d535800000,0x000000d535900000] [id=69528]
  0x000002c58fc22000 GCTaskThread "GC Thread#9" [stack: 0x000000d535900000,0x000000d535a00000] [id=94028]
  0x000002c58fc24000 GCTaskThread "GC Thread#10" [stack: 0x000000d535a00000,0x000000d535b00000] [id=76916]
  0x000002c58fc2b800 GCTaskThread "GC Thread#11" [stack: 0x000000d535b00000,0x000000d535c00000] [id=88488]
  0x000002c58fc34800 GCTaskThread "GC Thread#12" [stack: 0x000000d535c00000,0x000000d535d00000] [id=76588]
  0x000002c5af8a1000 ConcurrentGCThread "G1 Main Marker" [stack: 0x000000d536b00000,0x000000d536c00000] [id=79704]
  0x000002c58fc36800 ConcurrentGCThread "G1 Marker#0" [stack: 0x000000d536c00000,0x000000d536d00000] [id=38120]
  0x000002c58fc35000 ConcurrentGCThread "G1 Marker#1" [stack: 0x000000d536d00000,0x000000d536e00000] [id=58972]
  0x000002c58fc37000 ConcurrentGCThread "G1 Marker#2" [stack: 0x000000d536e00000,0x000000d536f00000] [id=82508]
  0x000002c58fc61000 ConcurrentGCThread "G1 Refine#0" [stack: 0x000000d536900000,0x000000d536a00000] [id=83496]
  0x000002c58fc5a000 ConcurrentGCThread "G1 Refine#1" [stack: 0x000000d536800000,0x000000d536900000] [id=71324]
  0x000002c58fc59800 ConcurrentGCThread "G1 Refine#2" [stack: 0x000000d536700000,0x000000d536800000] [id=90580]
  0x000002c58fc57000 ConcurrentGCThread "G1 Refine#3" [stack: 0x000000d536600000,0x000000d536700000] [id=89320]
  0x000002c58fc4e000 ConcurrentGCThread "G1 Refine#4" [stack: 0x000000d536500000,0x000000d536600000] [id=89716]
  0x000002c58fc4d800 ConcurrentGCThread "G1 Refine#5" [stack: 0x000000d536400000,0x000000d536500000] [id=85808]
  0x000002c58fc44800 ConcurrentGCThread "G1 Refine#6" [stack: 0x000000d536300000,0x000000d536400000] [id=92684]
  0x000002c58fc44000 ConcurrentGCThread "G1 Refine#7" [stack: 0x000000d536200000,0x000000d536300000] [id=77012]
  0x000002c58fc43800 ConcurrentGCThread "G1 Refine#8" [stack: 0x000000d536100000,0x000000d536200000] [id=88316]
  0x000002c58fc3e800 ConcurrentGCThread "G1 Refine#9" [stack: 0x000000d536000000,0x000000d536100000] [id=67940]
  0x000002c58fc3d000 ConcurrentGCThread "G1 Refine#10" [stack: 0x000000d535f00000,0x000000d536000000] [id=70388]
  0x000002c58fc3b000 ConcurrentGCThread "G1 Refine#11" [stack: 0x000000d535e00000,0x000000d535f00000] [id=54356]
  0x000002c58fc3a000 ConcurrentGCThread "G1 Refine#12" [stack: 0x000000d535d00000,0x000000d535e00000] [id=81224]
  0x000002c58fc61800 ConcurrentGCThread "G1 Young RemSet Sampling" [stack: 0x000000d536a00000,0x000000d536b00000] [id=21568]

Threads with active compile tasks:
C2 CompilerThread5 651       4       jdk.internal.org.objectweb.asm.Frame::execute (2252 bytes)
C2 CompilerThread3 693       4       jdk.internal.org.objectweb.asm.ClassWriter::newUTF8 (70 bytes)

VM state:not at safepoint (normal execution)

VM Mutex/Monitor currently owned by a thread: None

Heap address: 0x00000000a2200000, size: 1502 MB, Compressed Oops mode: 32-bit
Narrow klass base: 0x0000000000000000, Narrow klass shift: 3
Compressed class space size: 1073741824 Address: 0x0000000100000000

Heap:
 garbage-first heap   total 96256K, used 7168K [0x00000000a2200000, 0x00000000a23002f0, 0x0000000100000000)
  region size 1024K, 8 young (8192K), 0 survivors (0K)
 Metaspace       used 7903K, capacity 8292K, committed 8320K, reserved 1056768K
  class space    used 752K, capacity 869K, committed 896K, reserved 1048576K
Heap Regions: E=young(eden), S=young(survivor), O=old, HS=humongous(starts), HC=humongous(continues), CS=collection set, F=free, A=archive, TS=gc time stamp, AC=allocation context, TAMS=top-at-mark-start (previous, next)
|   0|0x00000000a2200000, 0x00000000a2200000, 0x00000000a2300000|  0%| F|  |TS  0|AC  0|TAMS 0x00000000a2200000, 0x00000000a2200000|
|   1|0x00000000a2300000, 0x00000000a2300000, 0x00000000a2400000|  0%| F|  |TS  0|AC  0|TAMS 0x00000000a2300000, 0x00000000a2300000|
|   2|0x00000000a2400000, 0x00000000a2400000, 0x00000000a2500000|  0%| F|  |TS  0|AC  0|TAMS 0x00000000a2400000, 0x00000000a2400000|
|   3|0x00000000a2500000, 0x00000000a2500000, 0x00000000a2600000|  0%| F|  |TS  0|AC  0|TAMS 0x00000000a2500000, 0x00000000a2500000|
|   4|0x00000000a2600000, 0x00000000a2600000, 0x00000000a2700000|  0%| F|  |TS  0|AC  0|TAMS 0x00000000a2600000, 0x00000000a2600000|
|   5|0x00000000a2700000, 0x00000000a2700000, 0x00000000a2800000|  0%| F|  |TS  0|AC  0|TAMS 0x00000000a2700000, 0x00000000a2700000|
|   6|0x00000000a2800000, 0x00000000a2800000, 0x00000000a2900000|  0%| F|  |TS  0|AC  0|TAMS 0x00000000a2800000, 0x00000000a2800000|
|   7|0x00000000a2900000, 0x00000000a2900000, 0x00000000a2a00000|  0%| F|  |TS  0|AC  0|TAMS 0x00000000a2900000, 0x00000000a2900000|
|   8|0x00000000a2a00000, 0x00000000a2a00000, 0x00000000a2b00000|  0%| F|  |TS  0|AC  0|TAMS 0x00000000a2a00000, 0x00000000a2a00000|
|   9|0x00000000a2b00000, 0x00000000a2b00000, 0x00000000a2c00000|  0%| F|  |TS  0|AC  0|TAMS 0x00000000a2b00000, 0x00000000a2b00000|
|  10|0x00000000a2c00000, 0x00000000a2c00000, 0x00000000a2d00000|  0%| F|  |TS  0|AC  0|TAMS 0x00000000a2c00000, 0x00000000a2c00000|
|  11|0x00000000a2d00000, 0x00000000a2d00000, 0x00000000a2e00000|  0%| F|  |TS  0|AC  0|TAMS 0x00000000a2d00000, 0x00000000a2d00000|
|  12|0x00000000a2e00000, 0x00000000a2e00000, 0x00000000a2f00000|  0%| F|  |TS  0|AC  0|TAMS 0x00000000a2e00000, 0x00000000a2e00000|
|  13|0x00000000a2f00000, 0x00000000a2f00000, 0x00000000a3000000|  0%| F|  |TS  0|AC  0|TAMS 0x00000000a2f00000, 0x00000000a2f00000|
|  14|0x00000000a3000000, 0x00000000a3000000, 0x00000000a3100000|  0%| F|  |TS  0|AC  0|TAMS 0x00000000a3000000, 0x00000000a3000000|
|  15|0x00000000a3100000, 0x00000000a3100000, 0x00000000a3200000|  0%| F|  |TS  0|AC  0|TAMS 0x00000000a3100000, 0x00000000a3100000|
|  16|0x00000000a3200000, 0x00000000a3200000, 0x00000000a3300000|  0%| F|  |TS  0|AC  0|TAMS 0x00000000a3200000, 0x00000000a3200000|
|  17|0x00000000a3300000, 0x00000000a3300000, 0x00000000a3400000|  0%| F|  |TS  0|AC  0|TAMS 0x00000000a3300000, 0x00000000a3300000|
|  18|0x00000000a3400000, 0x00000000a3400000, 0x00000000a3500000|  0%| F|  |TS  0|AC  0|TAMS 0x00000000a3400000, 0x00000000a3400000|
|  19|0x00000000a3500000, 0x00000000a3500000, 0x00000000a3600000|  0%| F|  |TS  0|AC  0|TAMS 0x00000000a3500000, 0x00000000a3500000|
|  20|0x00000000a3600000, 0x00000000a3600000, 0x00000000a3700000|  0%| F|  |TS  0|AC  0|TAMS 0x00000000a3600000, 0x00000000a3600000|
|  21|0x00000000a3700000, 0x00000000a3700000, 0x00000000a3800000|  0%| F|  |TS  0|AC  0|TAMS 0x00000000a3700000, 0x00000000a3700000|
|  22|0x00000000a3800000, 0x00000000a3800000, 0x00000000a3900000|  0%| F|  |TS  0|AC  0|TAMS 0x00000000a3800000, 0x00000000a3800000|
|  23|0x00000000a3900000, 0x00000000a3900000, 0x00000000a3a00000|  0%| F|  |TS  0|AC  0|TAMS 0x00000000a3900000, 0x00000000a3900000|
|  24|0x00000000a3a00000, 0x00000000a3a00000, 0x00000000a3b00000|  0%| F|  |TS  0|AC  0|TAMS 0x00000000a3a00000, 0x00000000a3a00000|
|  25|0x00000000a3b00000, 0x00000000a3b00000, 0x00000000a3c00000|  0%| F|  |TS  0|AC  0|TAMS 0x00000000a3b00000, 0x00000000a3b00000|
|  26|0x00000000a3c00000, 0x00000000a3c00000, 0x00000000a3d00000|  0%| F|  |TS  0|AC  0|TAMS 0x00000000a3c00000, 0x00000000a3c00000|
|  27|0x00000000a3d00000, 0x00000000a3d00000, 0x00000000a3e00000|  0%| F|  |TS  0|AC  0|TAMS 0x00000000a3d00000, 0x00000000a3d00000|
|  28|0x00000000a3e00000, 0x00000000a3e00000, 0x00000000a3f00000|  0%| F|  |TS  0|AC  0|TAMS 0x00000000a3e00000, 0x00000000a3e00000|
|  29|0x00000000a3f00000, 0x00000000a3f00000, 0x00000000a4000000|  0%| F|  |TS  0|AC  0|TAMS 0x00000000a3f00000, 0x00000000a3f00000|
|  30|0x00000000a4000000, 0x00000000a4000000, 0x00000000a4100000|  0%| F|  |TS  0|AC  0|TAMS 0x00000000a4000000, 0x00000000a4000000|
|  31|0x00000000a4100000, 0x00000000a4100000, 0x00000000a4200000|  0%| F|  |TS  0|AC  0|TAMS 0x00000000a4100000, 0x00000000a4100000|
|  32|0x00000000a4200000, 0x00000000a4200000, 0x00000000a4300000|  0%| F|  |TS  0|AC  0|TAMS 0x00000000a4200000, 0x00000000a4200000|
|  33|0x00000000a4300000, 0x00000000a4300000, 0x00000000a4400000|  0%| F|  |TS  0|AC  0|TAMS 0x00000000a4300000, 0x00000000a4300000|
|  34|0x00000000a4400000, 0x00000000a4400000, 0x00000000a4500000|  0%| F|  |TS  0|AC  0|TAMS 0x00000000a4400000, 0x00000000a4400000|
|  35|0x00000000a4500000, 0x00000000a4500000, 0x00000000a4600000|  0%| F|  |TS  0|AC  0|TAMS 0x00000000a4500000, 0x00000000a4500000|
|  36|0x00000000a4600000, 0x00000000a4600000, 0x00000000a4700000|  0%| F|  |TS  0|AC  0|TAMS 0x00000000a4600000, 0x00000000a4600000|
|  37|0x00000000a4700000, 0x00000000a4700000, 0x00000000a4800000|  0%| F|  |TS  0|AC  0|TAMS 0x00000000a4700000, 0x00000000a4700000|
|  38|0x00000000a4800000, 0x00000000a4800000, 0x00000000a4900000|  0%| F|  |TS  0|AC  0|TAMS 0x00000000a4800000, 0x00000000a4800000|
|  39|0x00000000a4900000, 0x00000000a4900000, 0x00000000a4a00000|  0%| F|  |TS  0|AC  0|TAMS 0x00000000a4900000, 0x00000000a4900000|
|  40|0x00000000a4a00000, 0x00000000a4a00000, 0x00000000a4b00000|  0%| F|  |TS  0|AC  0|TAMS 0x00000000a4a00000, 0x00000000a4a00000|
|  41|0x00000000a4b00000, 0x00000000a4b00000, 0x00000000a4c00000|  0%| F|  |TS  0|AC  0|TAMS 0x00000000a4b00000, 0x00000000a4b00000|
|  42|0x00000000a4c00000, 0x00000000a4c00000, 0x00000000a4d00000|  0%| F|  |TS  0|AC  0|TAMS 0x00000000a4c00000, 0x00000000a4c00000|
|  43|0x00000000a4d00000, 0x00000000a4d00000, 0x00000000a4e00000|  0%| F|  |TS  0|AC  0|TAMS 0x00000000a4d00000, 0x00000000a4d00000|
|  44|0x00000000a4e00000, 0x00000000a4e00000, 0x00000000a4f00000|  0%| F|  |TS  0|AC  0|TAMS 0x00000000a4e00000, 0x00000000a4e00000|
|  45|0x00000000a4f00000, 0x00000000a4f00000, 0x00000000a5000000|  0%| F|  |TS  0|AC  0|TAMS 0x00000000a4f00000, 0x00000000a4f00000|
|  46|0x00000000a5000000, 0x00000000a5000000, 0x00000000a5100000|  0%| F|  |TS  0|AC  0|TAMS 0x00000000a5000000, 0x00000000a5000000|
|  47|0x00000000a5100000, 0x00000000a5100000, 0x00000000a5200000|  0%| F|  |TS  0|AC  0|TAMS 0x00000000a5100000, 0x00000000a5100000|
|  48|0x00000000a5200000, 0x00000000a5200000, 0x00000000a5300000|  0%| F|  |TS  0|AC  0|TAMS 0x00000000a5200000, 0x00000000a5200000|
|  49|0x00000000a5300000, 0x00000000a5300000, 0x00000000a5400000|  0%| F|  |TS  0|AC  0|TAMS 0x00000000a5300000, 0x00000000a5300000|
|  50|0x00000000a5400000, 0x00000000a5400000, 0x00000000a5500000|  0%| F|  |TS  0|AC  0|TAMS 0x00000000a5400000, 0x00000000a5400000|
|  51|0x00000000a5500000, 0x00000000a5500000, 0x00000000a5600000|  0%| F|  |TS  0|AC  0|TAMS 0x00000000a5500000, 0x00000000a5500000|
|  52|0x00000000a5600000, 0x00000000a5600000, 0x00000000a5700000|  0%| F|  |TS  0|AC  0|TAMS 0x00000000a5600000, 0x00000000a5600000|
|  53|0x00000000a5700000, 0x00000000a5700000, 0x00000000a5800000|  0%| F|  |TS  0|AC  0|TAMS 0x00000000a5700000, 0x00000000a5700000|
|  54|0x00000000a5800000, 0x00000000a5800000, 0x00000000a5900000|  0%| F|  |TS  0|AC  0|TAMS 0x00000000a5800000, 0x00000000a5800000|
|  55|0x00000000a5900000, 0x00000000a5900000, 0x00000000a5a00000|  0%| F|  |TS  0|AC  0|TAMS 0x00000000a5900000, 0x00000000a5900000|
|  56|0x00000000a5a00000, 0x00000000a5a00000, 0x00000000a5b00000|  0%| F|  |TS  0|AC  0|TAMS 0x00000000a5a00000, 0x00000000a5a00000|
|  57|0x00000000a5b00000, 0x00000000a5b00000, 0x00000000a5c00000|  0%| F|  |TS  0|AC  0|TAMS 0x00000000a5b00000, 0x00000000a5b00000|
|  58|0x00000000a5c00000, 0x00000000a5c00000, 0x00000000a5d00000|  0%| F|  |TS  0|AC  0|TAMS 0x00000000a5c00000, 0x00000000a5c00000|
|  59|0x00000000a5d00000, 0x00000000a5d00000, 0x00000000a5e00000|  0%| F|  |TS  0|AC  0|TAMS 0x00000000a5d00000, 0x00000000a5d00000|
|  60|0x00000000a5e00000, 0x00000000a5e00000, 0x00000000a5f00000|  0%| F|  |TS  0|AC  0|TAMS 0x00000000a5e00000, 0x00000000a5e00000|
|  61|0x00000000a5f00000, 0x00000000a5f00000, 0x00000000a6000000|  0%| F|  |TS  0|AC  0|TAMS 0x00000000a5f00000, 0x00000000a5f00000|
|  62|0x00000000a6000000, 0x00000000a6000000, 0x00000000a6100000|  0%| F|  |TS  0|AC  0|TAMS 0x00000000a6000000, 0x00000000a6000000|
|  63|0x00000000a6100000, 0x00000000a6100000, 0x00000000a6200000|  0%| F|  |TS  0|AC  0|TAMS 0x00000000a6100000, 0x00000000a6100000|
|  64|0x00000000a6200000, 0x00000000a6200000, 0x00000000a6300000|  0%| F|  |TS  0|AC  0|TAMS 0x00000000a6200000, 0x00000000a6200000|
|  65|0x00000000a6300000, 0x00000000a6300000, 0x00000000a6400000|  0%| F|  |TS  0|AC  0|TAMS 0x00000000a6300000, 0x00000000a6300000|
|  66|0x00000000a6400000, 0x00000000a6400000, 0x00000000a6500000|  0%| F|  |TS  0|AC  0|TAMS 0x00000000a6400000, 0x00000000a6400000|
|  67|0x00000000a6500000, 0x00000000a6500000, 0x00000000a6600000|  0%| F|  |TS  0|AC  0|TAMS 0x00000000a6500000, 0x00000000a6500000|
|  68|0x00000000a6600000, 0x00000000a6600000, 0x00000000a6700000|  0%| F|  |TS  0|AC  0|TAMS 0x00000000a6600000, 0x00000000a6600000|
|  69|0x00000000a6700000, 0x00000000a6700000, 0x00000000a6800000|  0%| F|  |TS  0|AC  0|TAMS 0x00000000a6700000, 0x00000000a6700000|
|  70|0x00000000a6800000, 0x00000000a6800000, 0x00000000a6900000|  0%| F|  |TS  0|AC  0|TAMS 0x00000000a6800000, 0x00000000a6800000|
|  71|0x00000000a6900000, 0x00000000a6900000, 0x00000000a6a00000|  0%| F|  |TS  0|AC  0|TAMS 0x00000000a6900000, 0x00000000a6900000|
|  72|0x00000000a6a00000, 0x00000000a6a00000, 0x00000000a6b00000|  0%| F|  |TS  0|AC  0|TAMS 0x00000000a6a00000, 0x00000000a6a00000|
|  73|0x00000000a6b00000, 0x00000000a6b00000, 0x00000000a6c00000|  0%| F|  |TS  0|AC  0|TAMS 0x00000000a6b00000, 0x00000000a6b00000|
|  74|0x00000000a6c00000, 0x00000000a6c00000, 0x00000000a6d00000|  0%| F|  |TS  0|AC  0|TAMS 0x00000000a6c00000, 0x00000000a6c00000|
|  75|0x00000000a6d00000, 0x00000000a6d00000, 0x00000000a6e00000|  0%| F|  |TS  0|AC  0|TAMS 0x00000000a6d00000, 0x00000000a6d00000|
|  76|0x00000000a6e00000, 0x00000000a6e00000, 0x00000000a6f00000|  0%| F|  |TS  0|AC  0|TAMS 0x00000000a6e00000, 0x00000000a6e00000|
|  77|0x00000000a6f00000, 0x00000000a6f00000, 0x00000000a7000000|  0%| F|  |TS  0|AC  0|TAMS 0x00000000a6f00000, 0x00000000a6f00000|
|  78|0x00000000a7000000, 0x00000000a7000000, 0x00000000a7100000|  0%| F|  |TS  0|AC  0|TAMS 0x00000000a7000000, 0x00000000a7000000|
|  79|0x00000000a7100000, 0x00000000a7100000, 0x00000000a7200000|  0%| F|  |TS  0|AC  0|TAMS 0x00000000a7100000, 0x00000000a7100000|
|  80|0x00000000a7200000, 0x00000000a7200000, 0x00000000a7300000|  0%| F|  |TS  0|AC  0|TAMS 0x00000000a7200000, 0x00000000a7200000|
|  81|0x00000000a7300000, 0x00000000a7300000, 0x00000000a7400000|  0%| F|  |TS  0|AC  0|TAMS 0x00000000a7300000, 0x00000000a7300000|
|  82|0x00000000a7400000, 0x00000000a7400000, 0x00000000a7500000|  0%| F|  |TS  0|AC  0|TAMS 0x00000000a7400000, 0x00000000a7400000|
|  83|0x00000000a7500000, 0x00000000a7500000, 0x00000000a7600000|  0%| F|  |TS  0|AC  0|TAMS 0x00000000a7500000, 0x00000000a7500000|
|  84|0x00000000a7600000, 0x00000000a7600000, 0x00000000a7700000|  0%| F|  |TS  0|AC  0|TAMS 0x00000000a7600000, 0x00000000a7600000|
|  85|0x00000000a7700000, 0x00000000a7700000, 0x00000000a7800000|  0%| F|  |TS  0|AC  0|TAMS 0x00000000a7700000, 0x00000000a7700000|
|  86|0x00000000a7800000, 0x00000000a787b650, 0x00000000a7900000| 48%| E|  |TS  0|AC  0|TAMS 0x00000000a7800000, 0x00000000a7800000|
|  87|0x00000000a7900000, 0x00000000a7a00000, 0x00000000a7a00000|100%| E|CS|TS  0|AC  0|TAMS 0x00000000a7900000, 0x00000000a7900000|
|  88|0x00000000a7a00000, 0x00000000a7b00000, 0x00000000a7b00000|100%| E|CS|TS  0|AC  0|TAMS 0x00000000a7a00000, 0x00000000a7a00000|
|  89|0x00000000a7b00000, 0x00000000a7c00000, 0x00000000a7c00000|100%| E|CS|TS  0|AC  0|TAMS 0x00000000a7b00000, 0x00000000a7b00000|
|  90|0x00000000a7c00000, 0x00000000a7d00000, 0x00000000a7d00000|100%| E|CS|TS  0|AC  0|TAMS 0x00000000a7c00000, 0x00000000a7c00000|
|  91|0x00000000a7d00000, 0x00000000a7e00000, 0x00000000a7e00000|100%| E|CS|TS  0|AC  0|TAMS 0x00000000a7d00000, 0x00000000a7d00000|
|  92|0x00000000a7e00000, 0x00000000a7f00000, 0x00000000a7f00000|100%| E|CS|TS  0|AC  0|TAMS 0x00000000a7e00000, 0x00000000a7e00000|
|  93|0x00000000a7f00000, 0x00000000a8000000, 0x00000000a8000000|100%| E|CS|TS  0|AC  0|TAMS 0x00000000a7f00000, 0x00000000a7f00000|

Card table byte_map: [0x000002c5ac350000,0x000002c5ac640000] byte_map_base: 0x000002c5abe3f000

Marking Bits (Prev, Next): (CMBitMap*) 0x000002c5af8a00f0, (CMBitMap*) 0x000002c5af8a0128
 Prev Bits: [0x000002c5ac930000, 0x000002c5ae0a8000)
 Next Bits: [0x000002c5ae0b0000, 0x000002c5af828000)

Polling page: 0x000002c58fe90000

CodeHeap 'non-profiled nmethods': size=119168Kb used=201Kb max_used=201Kb free=118966Kb
 bounds [0x000002c5a3940000, 0x000002c5a3bb0000, 0x000002c5aada0000]
CodeHeap 'profiled nmethods': size=119168Kb used=1188Kb max_used=1188Kb free=117979Kb
 bounds [0x000002c59c4e0000, 0x000002c59c750000, 0x000002c5a3940000]
CodeHeap 'non-nmethods': size=7424Kb used=2927Kb max_used=2941Kb free=4497Kb
 bounds [0x000002c59bda0000, 0x000002c59c090000, 0x000002c59c4e0000]
 total_blobs=1223 nmethods=698 adapters=313
 compilation: enabled

Compilation events (10 events):
Event: 0.352 Thread 0x000002c5b30d6000 nmethod 681 0x000002c59c5fdb10 code [0x000002c59c5fdda0, 0x000002c59c5fe900]
Event: 0.353 Thread 0x000002c5b30bd800  684       4       java.lang.String::getBytes (44 bytes)
Event: 0.354 Thread 0x000002c5b30bd800 nmethod 684 0x000002c5a396d110 code [0x000002c5a396d2a0, 0x000002c5a396d3b8]
Event: 0.354 Thread 0x000002c5b30cf800 nmethod 671 0x000002c59c5feb90 code [0x000002c59c5ff480, 0x000002c59c602c80]
Event: 0.354 Thread 0x000002c5b30bb800 nmethod 674 0x000002c5a396d510 code [0x000002c5a396d6a0, 0x000002c5a396d9b8]
Event: 0.355 Thread 0x000002c5b30d2000  685       3       java.lang.StringLatin1::indexOf (121 bytes)
Event: 0.356 Thread 0x000002c5b30d2000 nmethod 685 0x000002c59c604290 code [0x000002c59c604480, 0x000002c59c604998]
Event: 0.357 Thread 0x000002c5b30c0800 nmethod 677 0x000002c5a396db90 code [0x000002c5a396dd40, 0x000002c5a396e278]
Event: 0.358 Thread 0x000002c5b30c6800 nmethod 675 0x000002c5a396e410 code [0x000002c5a396e5c0, 0x000002c5a396eb18]
Event: 0.375 Thread 0x000002c5b30bb000 nmethod 654 0x000002c5a396ee90 code [0x000002c5a396f1c0, 0x000002c5a3970310]

GC Heap History (0 events):
No events

Deoptimization events (0 events):
No events

Classes redefined (0 events):
No events

Internal exceptions (10 events):
Event: 0.218 Thread 0x000002c58fbee000 Exception <a 'java/lang/NoSuchMethodError'{0x00000000a7c586f0}: java.lang.invoke.DirectMethodHandle$Holder.invokeStatic(Ljava/lang/Object;Ljava/lang/Object;Ljava/lang/Object;Ljava/lang/Object;Ljava/lang/Object;Ljava/lang/Object;Ljava/lang/Object;Ljava/lan
Event: 0.222 Thread 0x000002c58fbee000 Exception <a 'java/lang/NoSuchMethodError'{0x00000000a7c796f0}: java.lang.invoke.DirectMethodHandle$Holder.invokeStatic(Ljava/lang/Object;Ljava/lang/Object;Ljava/lang/Object;Ljava/lang/Object;Ljava/lang/Object;Ljava/lang/Object;Ljava/lang/Object;Ljava/lan
Event: 0.225 Thread 0x000002c58fbee000 Exception <a 'java/lang/NoSuchMethodError'{0x00000000a7b14620}: java.lang.invoke.DirectMethodHandle$Holder.invokeStatic(Ljava/lang/Object;Ljava/lang/Object;Ljava/lang/Object;Ljava/lang/Object;Ljava/lang/Object;Ljava/lang/Object;Ljava/lang/Object;Ljava/lan
Event: 0.230 Thread 0x000002c58fbee000 Exception <a 'java/lang/NullPointerException'{0x00000000a7b2dd88}> (0x00000000a7b2dd88) thrown at [c:/workspace/9-2-build-windows-amd64-cygwin-phase2/jdk9/6725/hotspot/src/share/vm/interpreter/linkResolver.cpp, line 1311]
Event: 0.258 Thread 0x000002c58fbee000 Exception <a 'java/lang/NoSuchMethodError'{0x00000000a7b66298}: java.lang.Object.lambda$union$2(Ljava/util/regex/Pattern$CharPredicate;I)Z> (0x00000000a7b66298) thrown at [c:/workspace/9-2-build-windows-amd64-cygwin-phase2/jdk9/6725/hotspot/src/share/vm/i
Event: 0.276 Thread 0x000002c58fbee000 Exception <a 'java/lang/NoSuchMethodError'{0x00000000a7bdf960}: java.lang.invoke.DirectMethodHandle$Holder.invokeStatic(Ljava/lang/Object;Ljava/lang/Object;Ljava/lang/Object;Ljava/lang/Object;Ljava/lang/Object;Ljava/lang/Object;Ljava/lang/Object;Ljava/lan
Event: 0.284 Thread 0x000002c58fbee000 Exception <a 'java/lang/NoSuchMethodError'{0x00000000a7a1db70}: java.lang.invoke.DirectMethodHandle$Holder.invokeStatic(Ljava/lang/Object;Ljava/lang/Object;Ljava/lang/Object;Ljava/lang/Object;Ljava/lang/Object;Ljava/lang/Object;Ljava/lang/Object;Ljava/lan
Event: 0.285 Thread 0x000002c58fbee000 Exception <a 'java/lang/NoSuchMethodError'{0x00000000a7a38140}: java.lang.invoke.DirectMethodHandle$Holder.invokeStatic(Ljava/lang/Object;Ljava/lang/Object;Ljava/lang/Object;Ljava/lang/Object;Ljava/lang/Object;Ljava/lang/Object;Ljava/lang/Object;Ljava/lan
Event: 0.287 Thread 0x000002c58fbee000 Exception <a 'java/lang/NoSuchMethodError'{0x00000000a7a535a8}: java.lang.invoke.DirectMethodHandle$Holder.invokeStatic(Ljava/lang/Object;Ljava/lang/Object;Ljava/lang/Object;Ljava/lang/Object;Ljava/lang/Object;Ljava/lang/Object;Ljava/lang/Object;Ljava/lan
Event: 0.336 Thread 0x000002c58fbee000 Exception <a 'java/lang/NoSuchMethodError'{0x00000000a7908098}: java.lang.invoke.DirectMethodHandle$Holder.invokeStatic(Ljava/lang/Object;Ljava/lang/Object;Ljava/lang/Object;)V> (0x00000000a7908098) thrown at [c:/workspace/9-2-build-windows-amd64-cygwin-p

Events (10 events):
Event: 0.342 loading class java/lang/invoke/BoundMethodHandle$Species_L9
Event: 0.342 loading class java/lang/invoke/BoundMethodHandle$Species_L9 done
Event: 0.344 loading class java/lang/invoke/BoundMethodHandle$Species_L10
Event: 0.344 loading class java/lang/invoke/BoundMethodHandle$Species_L10 done
Event: 0.346 loading class java/lang/invoke/BoundMethodHandle$Species_L11
Event: 0.346 loading class java/lang/invoke/BoundMethodHandle$Species_L11 done
Event: 0.347 loading class java/lang/invoke/BoundMethodHandle$Species_L11I
Event: 0.347 loading class java/lang/invoke/BoundMethodHandle$Species_L11I done
Event: 0.350 loading class java/lang/invoke/BoundMethodHandle$Species_L11II
Event: 0.350 loading class java/lang/invoke/BoundMethodHandle$Species_L11II done


Dynamic libraries:
0x00007ff75d620000 - 0x00007ff75d65e000 	D:\jdk9\bin\java.exe
0x00007ffe68680000 - 0x00007ffe68889000 	C:\WINDOWS\SYSTEM32\ntdll.dll
0x00007ffe66930000 - 0x00007ffe669ed000 	C:\WINDOWS\System32\KERNEL32.DLL
0x00007ffe65be0000 - 0x00007ffe65f59000 	C:\WINDOWS\System32\KERNELBASE.dll
0x00007ffe66ca0000 - 0x00007ffe66d4e000 	C:\WINDOWS\System32\ADVAPI32.dll
0x00007ffe67670000 - 0x00007ffe67713000 	C:\WINDOWS\System32\msvcrt.dll
0x00007ffe66c00000 - 0x00007ffe66c9e000 	C:\WINDOWS\System32\sechost.dll
0x00007ffe66520000 - 0x00007ffe66640000 	C:\WINDOWS\System32\RPCRT4.dll
0x00007ffe66a50000 - 0x00007ffe66bfc000 	C:\WINDOWS\System32\USER32.dll
0x00007ffe66260000 - 0x00007ffe66286000 	C:\WINDOWS\System32\win32u.dll
0x00007ffe66750000 - 0x00007ffe66779000 	C:\WINDOWS\System32\GDI32.dll
0x00007ffe65f60000 - 0x00007ffe66072000 	C:\WINDOWS\System32\gdi32full.dll
0x00007ffe66100000 - 0x00007ffe6619d000 	C:\WINDOWS\System32\msvcp_win.dll
0x00007ffe66400000 - 0x00007ffe66511000 	C:\WINDOWS\System32\ucrtbase.dll
0x00007ffe4d0b0000 - 0x00007ffe4d355000 	C:\WINDOWS\WinSxS\amd64_microsoft.windows.common-controls_6595b64144ccf1df_6.0.22000.120_none_9d947278b86cc467\COMCTL32.dll
0x00007ffe5cb80000 - 0x00007ffe5cb8a000 	C:\WINDOWS\SYSTEM32\VERSION.dll
0x00007ffe668f0000 - 0x00007ffe66921000 	C:\WINDOWS\System32\IMM32.DLL
0x00007ffe2c360000 - 0x00007ffe2c44f000 	D:\jdk9\bin\msvcr120.dll
0x00007ffe2c110000 - 0x00007ffe2c1b6000 	D:\jdk9\bin\msvcp120.dll
0x000000006fc80000 - 0x00000000706aa000 	D:\jdk9\bin\server\jvm.dll
0x00007ffe68630000 - 0x00007ffe68638000 	C:\WINDOWS\System32\PSAPI.DLL
0x00007ffe61730000 - 0x00007ffe61739000 	C:\WINDOWS\SYSTEM32\WSOCK32.dll
0x00007ffe5fd50000 - 0x00007ffe5fd83000 	C:\WINDOWS\SYSTEM32\WINMM.dll
0x00007ffe66670000 - 0x00007ffe666df000 	C:\WINDOWS\System32\WS2_32.dll
0x00007ffe4c600000 - 0x00007ffe4c60f000 	D:\jdk9\bin\verify.dll
0x00007ffe46f70000 - 0x00007ffe46f97000 	D:\jdk9\bin\java.dll
0x00007ffe476f0000 - 0x00007ffe47706000 	D:\jdk9\bin\zip.dll
0x00007ffe4aed0000 - 0x00007ffe4aeda000 	D:\jdk9\bin\jimage.dll
0x00007ffe66dd0000 - 0x00007ffe6757f000 	C:\WINDOWS\System32\SHELL32.dll
0x00007ffe63ce0000 - 0x00007ffe64548000 	C:\WINDOWS\SYSTEM32\windows.storage.dll
0x00007ffe67e10000 - 0x00007ffe68188000 	C:\WINDOWS\System32\combase.dll
0x00007ffe63b70000 - 0x00007ffe63cd6000 	C:\WINDOWS\SYSTEM32\wintypes.dll
0x00007ffe66780000 - 0x00007ffe6686a000 	C:\WINDOWS\System32\SHCORE.dll
0x00007ffe67610000 - 0x00007ffe6766d000 	C:\WINDOWS\System32\shlwapi.dll
0x00007ffe65aa0000 - 0x00007ffe65ac1000 	C:\WINDOWS\SYSTEM32\profapi.dll
0x00007ffe45880000 - 0x00007ffe4589a000 	D:\jdk9\bin\net.dll
0x00007ffe5eee0000 - 0x00007ffe5efec000 	C:\WINDOWS\SYSTEM32\WINHTTP.dll
0x00007ffe650a0000 - 0x00007ffe65107000 	C:\WINDOWS\system32\mswsock.dll
0x00007ffe445c0000 - 0x00007ffe445d1000 	D:\jdk9\bin\nio.dll
0x00007ffe473b0000 - 0x00007ffe473d3000 	D:\jdk9\bin\prism_d3d.dll
0x00007ffe22c10000 - 0x00007ffe22db6000 	C:\WINDOWS\system32\d3d9.dll
0x00007ffe632f0000 - 0x00007ffe6331f000 	C:\WINDOWS\SYSTEM32\dwmapi.dll
0x00007ffe64c70000 - 0x00007ffe64c88000 	C:\WINDOWS\SYSTEM32\kernel.appcore.dll
0x00007ffe62e70000 - 0x00007ffe62ea8000 	C:\WINDOWS\SYSTEM32\dxcore.dll
0x00007ffe62d60000 - 0x00007ffe62e0c000 	C:\WINDOWS\system32\uxtheme.dll
0x00007ffe5bc40000 - 0x00007ffe5bdf8000 	C:\WINDOWS\System32\DriverStore\FileRepository\u0374599.inf_amd64_aba9a4d013a9d4c8\B374495\aticfx64.dll
0x00007ffe1b5f0000 - 0x00007ffe1b624000 	C:\WINDOWS\System32\DriverStore\FileRepository\u0374599.inf_amd64_aba9a4d013a9d4c8\B374495\atiu9p64.dll
0x00007ffe1a890000 - 0x00007ffe1b5e4000 	C:\WINDOWS\System32\DriverStore\FileRepository\u0374599.inf_amd64_aba9a4d013a9d4c8\B374495\atiumd64.dll
0x00007ffe681b0000 - 0x00007ffe6834a000 	C:\WINDOWS\System32\ole32.dll
0x00007ffe63920000 - 0x00007ffe63b41000 	C:\WINDOWS\SYSTEM32\dbghelp.dll
0x00007ffe56620000 - 0x00007ffe56651000 	C:\WINDOWS\SYSTEM32\dbgcore.DLL
0x00007ffe59710000 - 0x00007ffe59740000 	C:\WINDOWS\SYSTEM32\amdihk64.dll
0x00007ffe600d0000 - 0x00007ffe60114000 	C:\WINDOWS\SYSTEM32\directxdatabasehelper.dll
0x00007ffe631b0000 - 0x00007ffe631e4000 	C:\WINDOWS\SYSTEM32\ntmarta.dll
0x00007ffe66080000 - 0x00007ffe660ff000 	C:\WINDOWS\System32\bcryptPrimitives.dll

VM Arguments:
jvm_args: -Dfile.encoding=UTF-8 
java_command: D:\FPA\GUI_Tubes\dist\run2030651598\GUI_Tubes.jar
java_class_path (initial): D:\FPA\GUI_Tubes\dist\run2030651598\GUI_Tubes.jar
Launcher Type: SUN_STANDARD

Logging:
Log output configuration:
#0: stdout all=warning uptime,level,tags
#1: stderr all=off uptime,level,tags

Environment Variables:
PATH=C:\ProgramData\Oracle\Java\javapath;D:\FPA\Java2\jdk9\bin;C:\Program Files (x86)\Common Files\Intel\Shared Files\cpp\bin\Intel64;C:\WINDOWS\system32;C:\WINDOWS;C:\WINDOWS\System32\Wbem;C:\WINDOWS\System32\WindowsPowerShell\v1.0\;C:\WINDOWS\System32\OpenSSH\;C:\Users\zahwa\AppData\Roaming\Python\Python38\Scripts;D:\Java\bin;D:\Git\cmd;D:\jdk9\bin;C:\Users\zahwa\AppData\Local\Microsoft\WindowsApps;C:\Users\zahwa\AppData\Local\Programs\Microsoft VS Code\bin;D:\jdk9\bin;
USERNAME=zahwa
OS=Windows_NT
PROCESSOR_IDENTIFIER=AMD64 Family 23 Model 104 Stepping 1, AuthenticAMD



---------------  S Y S T E M  ---------------

OS: Windows 10 , 64 bit Build 22000 (10.0.22000.675)

CPU:total 16 (initial active 16) (16 cores per cpu, 1 threads per core) family 23 model 104 stepping 1, cmov, cx8, fxsr, mmx, sse, sse2, sse3, ssse3, sse4.1, sse4.2, popcnt, avx, avx2, aes, clmul, mmxext, 3dnowpref, lzcnt, sse4a, tsc, tscinvbit, tscinv, bmi1

Memory: 4k page, physical 6149880k(311448k free), swap 25024248k(6548k free)

vm_info: Java HotSpot(TM) 64-Bit Server VM (9+181) for windows-amd64 JRE (9+181), built on Aug  2 2017 21:30:51 by "javare" with MS VC++ 12.0 (VS2013)

END.
