#
# There is insufficient memory for the Java Runtime Environment to continue.
# Native memory allocation (mmap) failed to map 98566144 bytes for Failed to commit area from 0x00000000a2200000 to 0x00000000a8000000 of length 98566144.
# Possible reasons:
#   The system is out of physical RAM or swap space
#   The process is running with CompressedOops enabled, and the Java Heap may be blocking the growth of the native heap
# Possible solutions:
#   Reduce memory load on the system
#   Increase physical memory or swap space
#   Check if swap backing store is full
#   Decrease Java heap size (-Xmx/-Xms)
#   Decrease number of Java threads
#   Decrease Java thread stack sizes (-Xss)
#   Set larger code cache with -XX:ReservedCodeCacheSize=
# This output file may be truncated or incomplete.
#
#  Out of Memory Error (c:/workspace/9-2-build-windows-amd64-cygwin-phase2/jdk9/6725/hotspot/src/os/windows/vm/os_windows.cpp:3357), pid=52540, tid=61480
#
# JRE version:  (9.0+181) (build )
# Java VM: Java HotSpot(TM) 64-Bit Server VM (9+181, mixed mode, tiered, compressed oops, g1 gc, windows-amd64)
# No core dump will be written. Minidumps are not enabled by default on client versions of Windows
#

---------------  S U M M A R Y ------------

Command Line: 

Host: AMD Ryzen 7 5700U with Radeon Graphics         , 16 cores, 5G,  Windows 10 , 64 bit Build 22000 (10.0.22000.675)
Time: Sun Jun 12 17:50:54 2022 SE Asia Standard Time elapsed time: 0 seconds (0d 0h 0m 0s)

---------------  T H R E A D  ---------------

Current thread (0x000001e6dd129000):  JavaThread "Unknown thread" [_thread_in_vm, id=61480, stack(0x0000009311400000,0x0000009311500000)]

Stack: [0x0000009311400000,0x0000009311500000]
Native frames: (J=compiled Java code, j=interpreted, Vv=VM code, C=native code)
V  [jvm.dll+0x587108]
V  [jvm.dll+0x69c14e]
V  [jvm.dll+0x69d06a]
V  [jvm.dll+0x69d6a3]
V  [jvm.dll+0x21d3f8]
V  [jvm.dll+0x584c34]
V  [jvm.dll+0x57a075]
V  [jvm.dll+0x2cd7eb]
V  [jvm.dll+0x2cd753]
V  [jvm.dll+0x2cd622]
V  [jvm.dll+0x2cf613]
V  [jvm.dll+0x319613]
V  [jvm.dll+0x319d26]
V  [jvm.dll+0x319713]
V  [jvm.dll+0x2ae028]
V  [jvm.dll+0x2af257]
V  [jvm.dll+0x67b29d]
V  [jvm.dll+0x67c66c]
V  [jvm.dll+0x326dc9]
V  [jvm.dll+0x6652be]
V  [jvm.dll+0x391b91]
V  [jvm.dll+0x393b41]
C  [java.exe+0x34f1]
C  [java.exe+0xe24f]
C  [java.exe+0xe3f6]
C  [KERNEL32.DLL+0x154e0]
C  [ntdll.dll+0x485b]


---------------  P R O C E S S  ---------------

Java Threads: ( => current thread )

Other Threads:
  0x000001e6dd146000 GCTaskThread "GC Thread#0" [stack: 0x0000009311500000,0x0000009311600000] [id=54204]
  0x000001e6dd147800 GCTaskThread "GC Thread#1" [stack: 0x0000009311600000,0x0000009311700000] [id=77036]
  0x000001e6dd149000 GCTaskThread "GC Thread#2" [stack: 0x0000009311700000,0x0000009311800000] [id=90556]
  0x000001e6dd14c800 GCTaskThread "GC Thread#3" [stack: 0x0000009311800000,0x0000009311900000] [id=89292]
  0x000001e6dd14e800 GCTaskThread "GC Thread#4" [stack: 0x0000009311900000,0x0000009311a00000] [id=92980]
  0x000001e6dd153000 GCTaskThread "GC Thread#5" [stack: 0x0000009311a00000,0x0000009311b00000] [id=46944]
  0x000001e6dd15a800 GCTaskThread "GC Thread#6" [stack: 0x0000009311b00000,0x0000009311c00000] [id=82680]
  0x000001e6dd15b800 GCTaskThread "GC Thread#7" [stack: 0x0000009311c00000,0x0000009311d00000] [id=79960]
  0x000001e6dd15c000 GCTaskThread "GC Thread#8" [stack: 0x0000009311d00000,0x0000009311e00000] [id=73064]
  0x000001e6dd15d800 GCTaskThread "GC Thread#9" [stack: 0x0000009311e00000,0x0000009311f00000] [id=78588]
  0x000001e6dd15e000 GCTaskThread "GC Thread#10" [stack: 0x0000009311f00000,0x0000009312000000] [id=72328]
  0x000001e6dd161000 GCTaskThread "GC Thread#11" [stack: 0x0000009312000000,0x0000009312100000] [id=86668]
  0x000001e6dd164000 GCTaskThread "GC Thread#12" [stack: 0x0000009312100000,0x0000009312200000] [id=91212]
  0x000001e6dd1e6800 ConcurrentGCThread "G1 Main Marker" [stack: 0x0000009313000000,0x0000009313100000] [id=75676]
  0x000001e6dd1eb000 ConcurrentGCThread "G1 Marker#0" [stack: 0x0000009313100000,0x0000009313200000] [id=93444]
  0x000001e6dd1eb800 ConcurrentGCThread "G1 Marker#1" [stack: 0x0000009313200000,0x0000009313300000] [id=75464]
  0x000001e6fcc84800 ConcurrentGCThread "G1 Marker#2" [stack: 0x0000009313300000,0x0000009313400000] [id=87876]
  0x000001e6dd172000 ConcurrentGCThread "G1 Refine#0" [stack: 0x0000009312e00000,0x0000009312f00000] [id=93192]
  0x000001e6dd171000 ConcurrentGCThread "G1 Refine#1" [stack: 0x0000009312d00000,0x0000009312e00000] [id=94116]
  0x000001e6dd16d000 ConcurrentGCThread "G1 Refine#2" [stack: 0x0000009312c00000,0x0000009312d00000] [id=90308]
  0x000001e6dd171800 ConcurrentGCThread "G1 Refine#3" [stack: 0x0000009312b00000,0x0000009312c00000] [id=87228]
  0x000001e6dd16f000 ConcurrentGCThread "G1 Refine#4" [stack: 0x0000009312a00000,0x0000009312b00000] [id=78916]
  0x000001e6dd16e000 ConcurrentGCThread "G1 Refine#5" [stack: 0x0000009312900000,0x0000009312a00000] [id=90752]
  0x000001e6dd170000 ConcurrentGCThread "G1 Refine#6" [stack: 0x0000009312800000,0x0000009312900000] [id=91632]
  0x000001e6dd16c800 ConcurrentGCThread "G1 Refine#7" [stack: 0x0000009312700000,0x0000009312800000] [id=77292]
  0x000001e6dd16b000 ConcurrentGCThread "G1 Refine#8" [stack: 0x0000009312600000,0x0000009312700000] [id=89732]
  0x000001e6dd16b800 ConcurrentGCThread "G1 Refine#9" [stack: 0x0000009312500000,0x0000009312600000] [id=64360]
  0x000001e6dd16f800 ConcurrentGCThread "G1 Refine#10" [stack: 0x0000009312400000,0x0000009312500000] [id=89308]
  0x000001e6dd16d800 ConcurrentGCThread "G1 Refine#11" [stack: 0x0000009312300000,0x0000009312400000] [id=92008]
  0x000001e6dd165800 ConcurrentGCThread "G1 Refine#12" [stack: 0x0000009312200000,0x0000009312300000] [id=64644]
  0x000001e6dd191800 ConcurrentGCThread "G1 Young RemSet Sampling" [stack: 0x0000009312f00000,0x0000009313000000] [id=64364]

=>0x000001e6dd129000 (exited) JavaThread "Unknown thread" [_thread_in_vm, id=61480, stack(0x0000009311400000,0x0000009311500000)]

Threads with active compile tasks:

VM state:not at safepoint (not fully initialized)

VM Mutex/Monitor currently owned by a thread:  ([mutex/lock_event])
[0x000001e6dd1288f0] Heap_lock - owner thread: 0x000001e6dd129000

Heap address: 0x00000000a2200000, size: 1502 MB, Compressed Oops mode: Non-zero based: 0x00000000a2200000
Narrow klass base: 0x0000000000000000, Narrow klass shift: 0

GC Heap History (0 events):
No events

Deoptimization events (0 events):
No events

Classes redefined (0 events):
No events

Internal exceptions (0 events):
No events

Events (0 events):
No events


Dynamic libraries:
0x00007ff75d620000 - 0x00007ff75d65e000 	D:\jdk9\bin\java.exe
0x00007ffe68680000 - 0x00007ffe68889000 	C:\WINDOWS\SYSTEM32\ntdll.dll
0x00007ffe66930000 - 0x00007ffe669ed000 	C:\WINDOWS\System32\KERNEL32.DLL
0x00007ffe65be0000 - 0x00007ffe65f59000 	C:\WINDOWS\System32\KERNELBASE.dll
0x00007ffe66ca0000 - 0x00007ffe66d4e000 	C:\WINDOWS\System32\ADVAPI32.dll
0x00007ffe67670000 - 0x00007ffe67713000 	C:\WINDOWS\System32\msvcrt.dll
0x00007ffe66c00000 - 0x00007ffe66c9e000 	C:\WINDOWS\System32\sechost.dll
0x00007ffe66520000 - 0x00007ffe66640000 	C:\WINDOWS\System32\RPCRT4.dll
0x00007ffe66a50000 - 0x00007ffe66bfc000 	C:\WINDOWS\System32\USER32.dll
0x00007ffe66260000 - 0x00007ffe66286000 	C:\WINDOWS\System32\win32u.dll
0x00007ffe66750000 - 0x00007ffe66779000 	C:\WINDOWS\System32\GDI32.dll
0x00007ffe65f60000 - 0x00007ffe66072000 	C:\WINDOWS\System32\gdi32full.dll
0x00007ffe66100000 - 0x00007ffe6619d000 	C:\WINDOWS\System32\msvcp_win.dll
0x00007ffe66400000 - 0x00007ffe66511000 	C:\WINDOWS\System32\ucrtbase.dll
0x00007ffe4d0b0000 - 0x00007ffe4d355000 	C:\WINDOWS\WinSxS\amd64_microsoft.windows.common-controls_6595b64144ccf1df_6.0.22000.120_none_9d947278b86cc467\COMCTL32.dll
0x00007ffe5cb80000 - 0x00007ffe5cb8a000 	C:\WINDOWS\SYSTEM32\VERSION.dll
0x00007ffe668f0000 - 0x00007ffe66921000 	C:\WINDOWS\System32\IMM32.DLL
0x00007ffe2c360000 - 0x00007ffe2c44f000 	D:\jdk9\bin\msvcr120.dll
0x00007ffe2c110000 - 0x00007ffe2c1b6000 	D:\jdk9\bin\msvcp120.dll
0x000000006fc80000 - 0x00000000706aa000 	D:\jdk9\bin\server\jvm.dll
0x00007ffe68630000 - 0x00007ffe68638000 	C:\WINDOWS\System32\PSAPI.DLL
0x00007ffe61730000 - 0x00007ffe61739000 	C:\WINDOWS\SYSTEM32\WSOCK32.dll
0x00007ffe5fd50000 - 0x00007ffe5fd83000 	C:\WINDOWS\SYSTEM32\WINMM.dll
0x00007ffe66670000 - 0x00007ffe666df000 	C:\WINDOWS\System32\WS2_32.dll
0x00007ffe4c600000 - 0x00007ffe4c60f000 	D:\jdk9\bin\verify.dll
0x00007ffe46f70000 - 0x00007ffe46f97000 	D:\jdk9\bin\java.dll
0x00007ffe476f0000 - 0x00007ffe47706000 	D:\jdk9\bin\zip.dll
0x00007ffe4aed0000 - 0x00007ffe4aeda000 	D:\jdk9\bin\jimage.dll
0x00007ffe63920000 - 0x00007ffe63b41000 	C:\WINDOWS\SYSTEM32\dbghelp.dll
0x00007ffe66080000 - 0x00007ffe660ff000 	C:\WINDOWS\System32\bcryptPrimitives.dll

VM Arguments:
java_command: <unknown>
java_class_path (initial): <not set>
Launcher Type: SUN_STANDARD

Logging:
Log output configuration:
#0: stdout all=warning uptime,level,tags
#1: stderr all=off uptime,level,tags

Environment Variables:
PATH=C:\ProgramData\Oracle\Java\javapath;D:\FPA\Java2\jdk9\bin;C:\Program Files (x86)\Common Files\Intel\Shared Files\cpp\bin\Intel64;C:\WINDOWS\system32;C:\WINDOWS;C:\WINDOWS\System32\Wbem;C:\WINDOWS\System32\WindowsPowerShell\v1.0\;C:\WINDOWS\System32\OpenSSH\;C:\Users\zahwa\AppData\Roaming\Python\Python38\Scripts;D:\Java\bin;D:\Git\cmd;D:\jdk9\bin;C:\Users\zahwa\AppData\Local\Microsoft\WindowsApps;C:\Users\zahwa\AppData\Local\Programs\Microsoft VS Code\bin;D:\jdk9\bin;
USERNAME=zahwa
OS=Windows_NT
PROCESSOR_IDENTIFIER=AMD64 Family 23 Model 104 Stepping 1, AuthenticAMD



---------------  S Y S T E M  ---------------

OS: Windows 10 , 64 bit Build 22000 (10.0.22000.675)

CPU:total 16 (initial active 16) (16 cores per cpu, 1 threads per core) family 23 model 104 stepping 1, cmov, cx8, fxsr, mmx, sse, sse2, sse3, ssse3, sse4.1, sse4.2, popcnt, avx, avx2, aes, clmul, mmxext, 3dnowpref, lzcnt, sse4a, tsc, tscinvbit, tscinv, bmi1

Memory: 4k page, physical 6149880k(311600k free), swap 25024248k(68564k free)

vm_info: Java HotSpot(TM) 64-Bit Server VM (9+181) for windows-amd64 JRE (9+181), built on Aug  2 2017 21:30:51 by "javare" with MS VC++ 12.0 (VS2013)

END.
